This is pdfTeX, Version 3.14159265-2.6-1.40.15 (MiKTeX 2.9 64-bit) (preloaded format=pdflatex 2016.3.22)  22 APR 2016 12:49
entering extended mode
**assignment2.tex
(assignment2.tex
LaTeX2e <2014/05/01>
Babel <3.9l> and hyphenation patterns for 68 languages loaded.
("D:\Program Files\MiKTeX 2.9\tex\latex\base\article.cls"
Document Class: article 2014/09/29 v1.4h Standard LaTeX document class
("D:\Program Files\MiKTeX 2.9\tex\latex\base\size10.clo"
File: size10.clo 2014/09/29 v1.4h Standard LaTeX file (size option)
)
\c@part=\count79
\c@section=\count80
\c@subsection=\count81
\c@subsubsection=\count82
\c@paragraph=\count83
\c@subparagraph=\count84
\c@figure=\count85
\c@table=\count86
\abovecaptionskip=\skip41
\belowcaptionskip=\skip42
\bibindent=\dimen102
)
("D:\Program Files\MiKTeX 2.9\tex\latex\preprint\fullpage.sty"
Package: fullpage 1999/02/23 1.1 (PWD)
\FP@margin=\skip43
)
("D:\Program Files\MiKTeX 2.9\tex\latex\objectz\oz.sty"
Package: oz 1999/05/24 2.46 Object Z macros

`Object-Z Macros' 2.46 <1999/05/24>
("D:\Program Files\MiKTeX 2.9\tex\latex\tools\calc.sty"
Package: calc 2014/10/28 v4.3 Infix arithmetic (KKT,FJ)
\calc@Acount=\count87
\calc@Bcount=\count88
\calc@Adimen=\dimen103
\calc@Bdimen=\dimen104
\calc@Askip=\skip44
\calc@Bskip=\skip45
LaTeX Info: Redefining \setlength on input line 75.
LaTeX Info: Redefining \addtolength on input line 76.
\calc@Ccount=\count89
\calc@Cskip=\skip46
)
\c@mv@oz=\count90
LaTeX Font Info:    Overwriting math alphabet `\mathrm' in version `oz'
(Font)                  OT1/cmr/m/n --> OT1/cmr/m/n on input line 71.
LaTeX Font Info:    Overwriting math alphabet `\mathbf' in version `oz'
(Font)                  OT1/cmr/bx/n --> OT1/cmr/bx/n on input line 71.
LaTeX Font Info:    Overwriting math alphabet `\mathsf' in version `oz'
(Font)                  OT1/cmss/m/n --> OT1/cmss/m/n on input line 71.
\symitalics=\mathgroup4
LaTeX Font Info:    Redeclaring math alphabet \mathrm on input line 71.
LaTeX Font Info:    Redeclaring math alphabet \mathit on input line 71.
\symlasy=\mathgroup5
\symAMSa=\mathgroup6
\symAMSb=\mathgroup7
\strutbox@=\box26
\big@size=\dimen105
LaTeX Font Info:    Redeclaring math symbol \sqsubset on input line 362.
LaTeX Font Info:    Redeclaring math symbol \sqsupset on input line 362.
LaTeX Font Info:    Redeclaring math symbol \mho on input line 362.
LaTeX Font Info:    Redeclaring math symbol \hbar on input line 362.
\z@combox=\box27
\z@wdcalc=\dimen106
\z@stackmin=\count91
\z@stackmax=\count92
\z@stacktop=\count93
\@gtempa=\dimen107
\@gtempa=\dimen108
\@gtempa=\dimen109
\@gtempa=\dimen110
\@gtempa=\dimen111
\@gtempa=\dimen112
\@gtempa=\dimen113
\@gtempa=\dimen114
\@gtempa=\dimen115
\@gtempa=\dimen116
\@gtempa=\dimen117
\@gtempa=\dimen118
\@gtempa=\dimen119
\@gtempa=\dimen120
\@gtempa=\dimen121
\@gtempa=\dimen122
\@gtempa=\dimen123
\@gtempa=\dimen124
\@gtempa=\dimen125
\@gtempa=\dimen126
\@gtempa=\dimen127
\@gtempa=\dimen128
\@gtempa=\dimen129
\@gtempa=\dimen130
\@gtempa=\dimen131
\@gtempa=\dimen132
\@gtempa=\dimen133
\@gtempa=\dimen134
\@gtempa=\dimen135
\@gtempa=\dimen136
\@gtempa=\dimen137
\@gtempa=\dimen138
\@gtempa=\dimen139
\@gtempa=\dimen140
\@gtempa=\dimen141
\@gtempa=\dimen142
\@gtempa=\dimen143
\@gtempa=\dimen144
\@gtempa=\dimen145
\@gtempa=\dimen146
\@gtempa=\dimen147
\@gtempa=\dimen148
\@gtempa=\dimen149
\@gtempa=\dimen150
\@gtempa=\dimen151
\@gtempa=\dimen152
\@gtempa=\dimen153
\@gtempa=\dimen154
\@gtempa=\dimen155
\@gtempa=\dimen156
\z@curline=\box28
\z@curindent=\dimen157
\z@curfield=\box29
\zedindent=\dimen158
\zedleftsep=\dimen159
\zedtab=\dimen160
\zedbar=\dimen161
\zedlinethickness=\dimen162
\zedcornerheight=\dimen163
\z@cols=\count94
\zedbaselineskip=\skip47
\zstrutbox=\box30
\interzedlinepenalty=\count95
\preboxpenalty=\count96
\forcepagepenalty=\count97
\z@adskip=\skip48
\z@bdskip=\skip49
\z@adsskip=\skip50
\z@bdsskip=\skip51
\z@temp=\dimen164
) (assignment2.aux)
LaTeX Font Info:    Checking defaults for OML/cmm/m/it on input line 5.
LaTeX Font Info:    ... okay on input line 5.
LaTeX Font Info:    Checking defaults for T1/cmr/m/n on input line 5.
LaTeX Font Info:    ... okay on input line 5.
LaTeX Font Info:    Checking defaults for OT1/cmr/m/n on input line 5.
LaTeX Font Info:    ... okay on input line 5.
LaTeX Font Info:    Checking defaults for OMS/cmsy/m/n on input line 5.
LaTeX Font Info:    ... okay on input line 5.
LaTeX Font Info:    Checking defaults for OMX/cmex/m/n on input line 5.
LaTeX Font Info:    ... okay on input line 5.
LaTeX Font Info:    Checking defaults for U/cmr/m/n on input line 5.
LaTeX Font Info:    ... okay on input line 5.
LaTeX Font Info:    External font `cmex10' loaded for size
(Font)              <12> on input line 11.
LaTeX Font Info:    External font `cmex10' loaded for size
(Font)              <8> on input line 11.
LaTeX Font Info:    External font `cmex10' loaded for size
(Font)              <6> on input line 11.
LaTeX Font Info:    Try loading font information for U+lasy on input line 11.

("D:\Program Files\MiKTeX 2.9\tex\latex\base\ulasy.fd"
File: ulasy.fd 1998/08/17 v2.2e LaTeX symbol font definitions
)
LaTeX Font Info:    Try loading font information for U+msa on input line 11.

("D:\Program Files\MiKTeX 2.9\tex\latex\amsfonts\umsa.fd"
File: umsa.fd 2013/01/14 v3.01 AMS symbols A
)
LaTeX Font Info:    Try loading font information for U+msb on input line 11.

("D:\Program Files\MiKTeX 2.9\tex\latex\amsfonts\umsb.fd"
File: umsb.fd 2013/01/14 v3.01 AMS symbols B
)
LaTeX Font Info:    External font `cmex10' loaded for size
(Font)              <7> on input line 17.
LaTeX Font Info:    External font `cmex10' loaded for size
(Font)              <5> on input line 17.
 [1

{C:/ProgramData/MiKTeX/2.9/pdftex/config/pdftex.map}]
Overfull \hbox (3.49068pt too wide) in alignment at lines 129--137
[] []
 []

[2]
Overfull \hbox (35.93271pt too wide) in alignment at lines 155--199
[] []
 []

[3] [4] (assignment2.aux) ) 
Here is how much of TeX's memory you used:
 1069 strings out of 493698
 10166 string characters out of 3144392
 65547 words of memory out of 3000000
 4432 multiletter control sequences out of 15000+200000
 12495 words of font info for 50 fonts, out of 3000000 for 9000
 1025 hyphenation exceptions out of 8191
 24i,10n,29p,189b,209s stack positions out of 5000i,500n,10000p,200000b,50000s
<D:/Program Files/MiKTeX 2.9/fonts/type1/public/amsf
onts/cm/cmbx12.pfb><D:/Program Files/MiKTeX 2.9/fonts/type1/public/amsfonts/cm/
cmmi10.pfb><D:/Program Files/MiKTeX 2.9/fonts/type1/public/amsfonts/cm/cmr10.pf
b><D:/Program Files/MiKTeX 2.9/fonts/type1/public/amsfonts/cm/cmr12.pfb><D:/Pro
gram Files/MiKTeX 2.9/fonts/type1/public/amsfonts/cm/cmsy10.pfb><D:/Program Fil
es/MiKTeX 2.9/fonts/type1/public/amsfonts/cm/cmsy7.pfb><D:/Program Files/MiKTeX
 2.9/fonts/type1/public/amsfonts/cm/cmti10.pfb><D:/Program Files/MiKTeX 2.9/fon
ts/type1/public/amsfonts/symbols/msam10.pfb><D:/Program Files/MiKTeX 2.9/fonts/
type1/public/amsfonts/symbols/msbm10.pfb>
Output written on assignment2.pdf (4 pages, 110272 bytes).
PDF statistics:
 51 PDF objects out of 1000 (max. 8388607)
 0 named destinations out of 1000 (max. 500000)
 1 words of extra memory for PDF output out of 10000 (max. 10000000)

